[ From Path: /home/eagle/GitHub/EAGLE-TextureMapping/datas ]
[ To Path: ./results_Bi17 ]
[ Alpha U: 1.000000 | Alpha V: 2.000000 ] 
[ Patch Width: 7 | Patch Step: 1 | Patch Random Search: 0.010000 ]
[ Scale: 10 | From 160x120 to 640x480 ]
[ PLY Model: 31260 vertexs | 59969 faces ]
[ Calculating Normals of each Vertex ]
[ Read Camera Matrixs ] 
[ Init Success. 17 / 33 Images ]
[ Scale to 160x120 (1) ]
[ Lamda: 10.000000 ]
[ Calculating Depth, Distance and Weight ]
 0 << depth: 0.895249 to 1.230818 | d: 0.824837 to 1.812807 
 1 << depth: 0.945465 to 1.310386 | d: 0.925214 to 1.990484 
 2 << depth: 0.934644 to 1.286898 | d: 0.938768 to 1.972359 
 3 << depth: 0.931626 to 1.348308 | d: 0.941403 to 2.114692 
 4 << depth: 0.909920 to 1.396505 | d: 0.990796 to 2.215734 
 5 << depth: 0.883078 to 1.340213 | d: 0.927097 to 1.971328 
 6 << depth: 0.846514 to 1.307578 | d: 0.887003 to 1.918217 
 7 << depth: 0.813568 to 1.278117 | d: 0.802617 to 1.730427 
 12 << depth: 0.905690 to 1.234157 | d: 0.899840 to 1.835236 
 13 << depth: 0.916091 to 1.229364 | d: 0.923875 to 1.855345 
 14 << depth: 0.993566 to 1.296706 | d: 1.079421 to 1.985653 
 15 << depth: 0.949209 to 1.320292 | d: 0.987962 to 2.075802 
 17 << depth: 0.903866 to 1.403452 | d: 0.820131 to 2.045506 
 18 << depth: 0.841490 to 1.326678 | d: 0.734332 to 1.795143 
 19 << depth: 0.795617 to 1.303221 | d: 0.742277 to 1.782839 
 20 << depth: 0.752812 to 1.308115 | d: 0.710457 to 1.788721 
 21 << depth: 0.686306 to 1.282300 | d: 0.590472 to 1.717099 
[ Select valid patchs ]
 Valid Patch << 0 1 2 3 4 5 6 7 12 13 14 15 17 18 19 20 21 << Done
[ Image Remapping ]
 0 to 0 1 2 3 4 5 6 7 12 13 14 15 17 18 19 20 21 << Done
 1 to 0 1 2 3 4 5 6 7 12 13 14 15 17 18 19 20 21 << Done
 2 to 0 1 2 3 4 5 6 7 12 13 14 15 17 18 19 20 21 << Done
 3 to 0 1 2 3 4 5 6 7 12 13 14 15 17 18 19 20 21 << Done
 4 to 0 1 2 3 4 5 6 7 12 13 14 15 17 18 19 20 21 << Done
 5 to 0 1 2 3 4 5 6 7 12 13 14 15 17 18 19 20 21 << Done
 6 to 0 1 2 3 4 5 6 7 12 13 14 15 17 18 19 20 21 << Done
 7 to 0 1 2 3 4 5 6 7 12 13 14 15 17 18 19 20 21 << Done
 12 to 0 1 2 3 4 5 6 7 12 13 14 15 17 18 19 20 21 << Done
 13 to 0 1 2 3 4 5 6 7 12 13 14 15 17 18 19 20 21 << Done
 14 to 0 1 2 3 4 5 6 7 12 13 14 15 17 18 19 20 21 << Done
 15 to 0 1 2 3 4 5 6 7 12 13 14 15 17 18 19 20 21 << Done
 17 to 0 1 2 3 4 5 6 7 12 13 14 15 17 18 19 20 21 << Done
 18 to 0 1 2 3 4 5 6 7 12 13 14 15 17 18 19 20 21 << Done
 19 to 0 1 2 3 4 5 6 7 12 13 14 15 17 18 19 20 21 << Done
 20 to 0 1 2 3 4 5 6 7 12 13 14 15 17 18 19 20 21 << Done
 21 to 0 1 2 3 4 5 6 7 12 13 14 15 17 18 19 20 21 << Done
[ Iteration 1 at 160x120 ]
 T << 0 1 2 3 4 5 6 7 12 13 14 15 17 18 19 20 21 << E1: 0.000000
 M << 0 1 2 3 4 5 6 7 12 13 14 15 17 18 19 20 21 << E2: 264.332524
[ Iteration 2 at 160x120 ]
 T << 0 1 2 3 4 5 6 7 12 13 14 15 17 18 19 20 21 << E1: 483.408014
 M << 0 1 2 3 4 5 6 7 12 13 14 15 17 18 19 20 21 << E2: 217.496788
[ Iteration 3 at 160x120 ]
 T << 0 1 2 3 4 5 6 